<?xml version="1.0" encoding="UTF-8"?>
<testng-results ignored="0" total="1" passed="1" failed="0" skipped="0">
  <reporter-output>
  </reporter-output>
  <suite started-at="2023-12-15T12:07:48 IST" name="Default suite" finished-at="2023-12-15T12:08:11 IST" duration-ms="23320">
    <groups>
    </groups>
    <test started-at="2023-12-15T12:07:48 IST" name="Default test" finished-at="2023-12-15T12:08:11 IST" duration-ms="23320">
      <class name="com.rmishra.appium_tutorial.Base">
        <test-method signature="TestLoginPage()[pri:0, instance:com.rmishra.appium_tutorial.Base@10aa41f2]" started-at="2023-12-15T12:07:48 IST" name="TestLoginPage" finished-at="2023-12-15T12:08:11 IST" duration-ms="23232" status="PASS">
          <reporter-output>
          </reporter-output>
        </test-method> <!-- TestLoginPage -->
      </class> <!-- com.rmishra.appium_tutorial.Base -->
    </test> <!-- Default test -->
  </suite> <!-- Default suite -->
</testng-results>
